[2018-01-29 12:40:52,423, PHOCNetTrainer] --- Training Parameter: ---
[2018-01-29 12:40:52,423, PHOCNetTrainer] self = <phocnet.training.phocnet_trainer.PHOCNetTrainer object at 0x7efca16acdd0>
[2018-01-29 12:40:52,435, PHOCNetTrainer] doc_img_dir = /vol/corpora/document-image-analysis/iam-db/images/
[2018-01-29 12:40:52,435, PHOCNetTrainer] train_annotation_file = /home/fwolf/Workspace/DensePHOCNet/experiments/iam/train.xml
[2018-01-29 12:40:52,436, PHOCNetTrainer] test_annotation_file = /home/fwolf/Workspace/DensePHOCNet/experiments/iam/test.xml
[2018-01-29 12:40:52,436, PHOCNetTrainer] proto_dir = /home/fwolf/Workspace/DensePHOCNet/data/maxout/proto
[2018-01-29 12:40:52,436, PHOCNetTrainer] n_train_images = 500000
[2018-01-29 12:40:52,436, PHOCNetTrainer] lmdb_dir = /data/fwolf/ordered_iam_50000/
[2018-01-29 12:40:52,436, PHOCNetTrainer] save_net_dir = /home/fwolf/Workspace/DensePHOCNet/data/maxout/models/
[2018-01-29 12:40:52,436, PHOCNetTrainer] phoc_unigram_levels = [2, 3, 4, 5]
[2018-01-29 12:40:52,436, PHOCNetTrainer] recreate_lmdbs = False
[2018-01-29 12:40:52,436, PHOCNetTrainer] gpu_id = 4
[2018-01-29 12:40:52,436, PHOCNetTrainer] learning_rate = 0.0001
[2018-01-29 12:40:52,436, PHOCNetTrainer] momentum = 0.9
[2018-01-29 12:40:52,436, PHOCNetTrainer] weight_decay = 5e-05
[2018-01-29 12:40:52,436, PHOCNetTrainer] batch_size = 10
[2018-01-29 12:40:52,436, PHOCNetTrainer] test_interval = 10000
[2018-01-29 12:40:52,436, PHOCNetTrainer] display = 100
[2018-01-29 12:40:52,436, PHOCNetTrainer] max_iter = 100000
[2018-01-29 12:40:52,436, PHOCNetTrainer] step_size = 70000
[2018-01-29 12:40:52,436, PHOCNetTrainer] gamma = 0.1
[2018-01-29 12:40:52,436, PHOCNetTrainer] debug_mode = True
[2018-01-29 12:40:52,436, PHOCNetTrainer] metric = cosine
[2018-01-29 12:40:52,436, PHOCNetTrainer] annotation_delimiter = None
[2018-01-29 12:40:52,436, PHOCNetTrainer] use_lower_case_only = False
[2018-01-29 12:40:52,436, PHOCNetTrainer] use_bigrams = True
[2018-01-29 12:40:52,436, PHOCNetTrainer] use_dense = True
[2018-01-29 12:40:52,436, PHOCNetTrainer] use_tpp = True
[2018-01-29 12:40:52,436, PHOCNetTrainer] use_global_pooling = False
[2018-01-29 12:40:52,436, PHOCNetTrainer] nblocks = 2
[2018-01-29 12:40:52,437, PHOCNetTrainer] growth_rate = 32
[2018-01-29 12:40:52,437, PHOCNetTrainer] nlayers = 50
[2018-01-29 12:40:52,437, PHOCNetTrainer] no_batch_normalization = False
[2018-01-29 12:40:52,437, PHOCNetTrainer] use_bottleneck = False
[2018-01-29 12:40:52,437, PHOCNetTrainer] use_compression = False
[2018-01-29 12:40:52,437, PHOCNetTrainer] pool_init = True
[2018-01-29 12:40:52,437, PHOCNetTrainer] dropout_ratio = 0.2
[2018-01-29 12:40:52,437, PHOCNetTrainer] max_out = 4
[2018-01-29 12:40:52,437, PHOCNetTrainer] use_perm = False
[2018-01-29 12:40:52,437, PHOCNetTrainer] prune = False
[2018-01-29 12:40:52,437, PHOCNetTrainer] config = [15, 30]
[2018-01-29 12:40:52,437, PHOCNetTrainer] triplet = True
[2018-01-29 12:40:52,437, PHOCNetTrainer] triplet_string_file = None
[2018-01-29 12:40:52,437, PHOCNetTrainer] dense_net_file = None
[2018-01-29 12:40:52,437, PHOCNetTrainer] weights = None
[2018-01-29 12:40:52,437, PHOCNetTrainer] min_image_width = 30
[2018-01-29 12:40:52,437, PHOCNetTrainer] min_image_height = 30
[2018-01-29 12:40:52,437, PHOCNetTrainer] max_pixel = 50000
[2018-01-29 12:40:52,437, PHOCNetTrainer] --- Running PHOCNet Prune Training ---
[2018-01-29 12:40:52,437, XMLReader] Loading training XML at /home/fwolf/Workspace/DensePHOCNet/experiments/iam/train.xml
[2018-01-29 12:40:52,437, XMLReader] Using XML-File at /home/fwolf/Workspace/DensePHOCNet/experiments/iam/train.xml and image directory /vol/corpora/document-image-analysis/iam-db/images/...
[2018-01-29 12:41:08,998, XMLReader] Loading test XML at /home/fwolf/Workspace/DensePHOCNet/experiments/iam/test.xml
[2018-01-29 12:41:08,998, XMLReader] Using XML-File at /home/fwolf/Workspace/DensePHOCNet/experiments/iam/test.xml and image directory /vol/corpora/document-image-analysis/iam-db/images/...
[2018-01-29 12:41:12,133, PHOCNetTrainer] PHOC unigrams: - 0 1 2 3 4 5 6 7 8 9 a b c d e f g h i j k l m n o p q r s t u v w x y z
[2018-01-29 12:41:12,133, PHOCNetTrainer] Using dataset 'iam-db'
[2018-01-29 12:41:12,301, PHOCNetTrainer] Creating LMDBs...
[2018-01-29 12:41:54,399, PHOCNetTrainer] Creating Training LMDB (505197 total word images)
[2018-01-29 12:41:54,400, CaffeLMDBCreator] Using LMDB version 0.9.14
[2018-01-29 12:41:54,400, CaffeLMDBCreator] Opening LMDBs at /data/fwolf/ordered_iam_50000/iam-db_nti500000_pul2-3-4-5_train_word_images_lmdb and /data/fwolf/ordered_iam_50000/iam-db_nti500000_pul2-3-4-5_train_phocs_lmdb for writing
[2018-01-29 12:42:34,412, CaffeLMDBCreator]    Finished     1000 ndarrays
[2018-01-29 12:43:07,566, CaffeLMDBCreator]    Finished     2000 ndarrays
[2018-01-29 12:43:58,253, CaffeLMDBCreator]    Finished     3000 ndarrays
[2018-01-29 12:44:28,341, CaffeLMDBCreator]    Finished     4000 ndarrays
[2018-01-29 12:45:10,628, CaffeLMDBCreator]    Finished     5000 ndarrays
[2018-01-29 12:45:33,494, CaffeLMDBCreator]    Finished     6000 ndarrays
[2018-01-29 12:46:02,326, CaffeLMDBCreator]    Finished     7000 ndarrays
[2018-01-29 12:46:46,091, CaffeLMDBCreator]    Finished     8000 ndarrays
[2018-01-29 12:47:08,135, CaffeLMDBCreator]    Finished     9000 ndarrays
[2018-01-29 12:47:24,290, CaffeLMDBCreator]    Finished    10000 ndarrays
[2018-01-29 12:47:45,023, CaffeLMDBCreator]    Finished    11000 ndarrays
[2018-01-29 12:48:04,491, CaffeLMDBCreator]    Finished    12000 ndarrays
[2018-01-29 12:48:40,065, CaffeLMDBCreator]    Finished    13000 ndarrays
[2018-01-29 12:49:12,775, CaffeLMDBCreator]    Finished    14000 ndarrays
[2018-01-29 12:49:41,674, CaffeLMDBCreator]    Finished    15000 ndarrays
[2018-01-29 12:50:05,040, CaffeLMDBCreator]    Finished    16000 ndarrays
[2018-01-29 12:50:27,850, CaffeLMDBCreator]    Finished    17000 ndarrays
[2018-01-29 12:50:53,860, CaffeLMDBCreator]    Finished    18000 ndarrays
[2018-01-29 12:51:35,203, CaffeLMDBCreator]    Finished    19000 ndarrays
[2018-01-29 12:52:10,971, CaffeLMDBCreator]    Finished    20000 ndarrays
[2018-01-29 12:53:46,065, CaffeLMDBCreator]    Finished    21000 ndarrays
[2018-01-29 12:54:15,030, CaffeLMDBCreator]    Finished    22000 ndarrays
[2018-01-29 12:54:47,407, CaffeLMDBCreator]    Finished    23000 ndarrays
[2018-01-29 12:55:01,887, CaffeLMDBCreator]    Finished    24000 ndarrays
[2018-01-29 12:55:48,160, CaffeLMDBCreator]    Finished    25000 ndarrays
[2018-01-29 12:56:47,314, CaffeLMDBCreator]    Finished    26000 ndarrays
[2018-01-29 12:57:34,012, CaffeLMDBCreator]    Finished    27000 ndarrays
[2018-01-29 12:58:08,711, CaffeLMDBCreator]    Finished    28000 ndarrays
[2018-01-29 12:58:32,499, CaffeLMDBCreator]    Finished    29000 ndarrays
[2018-01-29 12:59:03,264, CaffeLMDBCreator]    Finished    30000 ndarrays
[2018-01-29 12:59:26,519, CaffeLMDBCreator]    Finished    31000 ndarrays
[2018-01-29 13:00:15,095, CaffeLMDBCreator]    Finished    32000 ndarrays
[2018-01-29 13:00:28,628, CaffeLMDBCreator]    Finished    33000 ndarrays
[2018-01-29 13:00:50,627, CaffeLMDBCreator]    Finished    34000 ndarrays
[2018-01-29 13:00:55,738, CaffeLMDBCreator]    Finished    35000 ndarrays
[2018-01-29 13:01:27,981, CaffeLMDBCreator]    Finished    36000 ndarrays
[2018-01-29 13:01:52,325, CaffeLMDBCreator]    Finished    37000 ndarrays
[2018-01-29 13:02:15,202, CaffeLMDBCreator]    Finished    38000 ndarrays
[2018-01-29 13:02:45,123, CaffeLMDBCreator]    Finished    39000 ndarrays
[2018-01-29 13:04:04,387, CaffeLMDBCreator]    Finished    40000 ndarrays
[2018-01-29 13:04:30,665, CaffeLMDBCreator]    Finished    41000 ndarrays
[2018-01-29 13:04:35,097, CaffeLMDBCreator]    Finished    42000 ndarrays
[2018-01-29 13:05:10,497, CaffeLMDBCreator]    Finished    43000 ndarrays
[2018-01-29 13:05:50,827, CaffeLMDBCreator]    Finished    44000 ndarrays
[2018-01-29 13:06:19,126, CaffeLMDBCreator]    Finished    45000 ndarrays
[2018-01-29 13:06:26,448, CaffeLMDBCreator]    Finished    46000 ndarrays
[2018-01-29 13:07:17,702, CaffeLMDBCreator]    Finished    47000 ndarrays
[2018-01-29 13:07:46,088, CaffeLMDBCreator]    Finished    48000 ndarrays
[2018-01-29 13:08:12,033, CaffeLMDBCreator]    Finished    49000 ndarrays
[2018-01-29 13:08:57,131, CaffeLMDBCreator]    Finished    50000 ndarrays
[2018-01-29 13:09:17,286, CaffeLMDBCreator]    Finished    51000 ndarrays
[2018-01-29 13:10:09,311, CaffeLMDBCreator]    Finished    52000 ndarrays
[2018-01-29 13:10:34,350, CaffeLMDBCreator]    Finished    53000 ndarrays
[2018-01-29 13:10:48,763, CaffeLMDBCreator]    Finished    54000 ndarrays
[2018-01-29 13:11:27,726, CaffeLMDBCreator]    Finished    55000 ndarrays
[2018-01-29 13:11:57,958, CaffeLMDBCreator]    Finished    56000 ndarrays
[2018-01-29 13:12:11,402, CaffeLMDBCreator]    Finished    57000 ndarrays
[2018-01-29 13:12:47,490, CaffeLMDBCreator]    Finished    58000 ndarrays
[2018-01-29 13:13:05,522, CaffeLMDBCreator]    Finished    59000 ndarrays
[2018-01-29 13:14:07,998, CaffeLMDBCreator]    Finished    60000 ndarrays
[2018-01-29 13:14:25,275, CaffeLMDBCreator]    Finished    61000 ndarrays
[2018-01-29 13:16:06,049, CaffeLMDBCreator]    Finished    62000 ndarrays
[2018-01-29 13:16:27,093, CaffeLMDBCreator]    Finished    63000 ndarrays
[2018-01-29 13:17:17,524, CaffeLMDBCreator]    Finished    64000 ndarrays
[2018-01-29 13:17:25,568, CaffeLMDBCreator]    Finished    65000 ndarrays
[2018-01-29 13:17:57,534, CaffeLMDBCreator]    Finished    66000 ndarrays
[2018-01-29 13:18:32,877, CaffeLMDBCreator]    Finished    67000 ndarrays
[2018-01-29 13:19:16,053, CaffeLMDBCreator]    Finished    68000 ndarrays
[2018-01-29 13:19:36,863, CaffeLMDBCreator]    Finished    69000 ndarrays
[2018-01-29 13:19:54,641, CaffeLMDBCreator]    Finished    70000 ndarrays
[2018-01-29 13:20:20,095, CaffeLMDBCreator]    Finished    71000 ndarrays
[2018-01-29 13:20:29,439, CaffeLMDBCreator]    Finished    72000 ndarrays
[2018-01-29 13:21:15,127, CaffeLMDBCreator]    Finished    73000 ndarrays
[2018-01-29 13:21:53,247, CaffeLMDBCreator]    Finished    74000 ndarrays
[2018-01-29 13:22:13,969, CaffeLMDBCreator]    Finished    75000 ndarrays
[2018-01-29 13:22:29,490, CaffeLMDBCreator]    Finished    76000 ndarrays
[2018-01-29 13:22:51,745, CaffeLMDBCreator]    Finished    77000 ndarrays
[2018-01-29 13:23:40,377, CaffeLMDBCreator]    Finished    78000 ndarrays
[2018-01-29 13:23:51,910, CaffeLMDBCreator]    Finished    79000 ndarrays
[2018-01-29 13:24:21,875, CaffeLMDBCreator]    Finished    80000 ndarrays
[2018-01-29 13:24:54,096, CaffeLMDBCreator]    Finished    81000 ndarrays
[2018-01-29 13:25:27,562, CaffeLMDBCreator]    Finished    82000 ndarrays
[2018-01-29 13:25:41,528, CaffeLMDBCreator]    Finished    83000 ndarrays
[2018-01-29 13:26:03,705, CaffeLMDBCreator]    Finished    84000 ndarrays
[2018-01-29 13:26:22,937, CaffeLMDBCreator]    Finished    85000 ndarrays
[2018-01-29 13:26:38,948, CaffeLMDBCreator]    Finished    86000 ndarrays
[2018-01-29 13:26:58,436, CaffeLMDBCreator]    Finished    87000 ndarrays
[2018-01-29 13:27:03,458, CaffeLMDBCreator]    Finished    88000 ndarrays
[2018-01-29 13:27:31,468, CaffeLMDBCreator]    Finished    89000 ndarrays
[2018-01-29 13:28:23,591, CaffeLMDBCreator]    Finished    90000 ndarrays
[2018-01-29 13:28:59,611, CaffeLMDBCreator]    Finished    91000 ndarrays
[2018-01-29 13:29:47,374, CaffeLMDBCreator]    Finished    92000 ndarrays
[2018-01-29 13:30:20,373, CaffeLMDBCreator]    Finished    93000 ndarrays
[2018-01-29 13:30:49,939, CaffeLMDBCreator]    Finished    94000 ndarrays
[2018-01-29 13:31:07,227, CaffeLMDBCreator]    Finished    95000 ndarrays
[2018-01-29 13:31:37,448, CaffeLMDBCreator]    Finished    96000 ndarrays
[2018-01-29 13:31:55,045, CaffeLMDBCreator]    Finished    97000 ndarrays
[2018-01-29 13:32:13,758, CaffeLMDBCreator]    Finished    98000 ndarrays
[2018-01-29 13:32:55,190, CaffeLMDBCreator]    Finished    99000 ndarrays
[2018-01-29 13:33:33,089, CaffeLMDBCreator]    Finished   100000 ndarrays
[2018-01-29 13:33:45,143, CaffeLMDBCreator]    Finished   101000 ndarrays
[2018-01-29 13:34:23,086, CaffeLMDBCreator]    Finished   102000 ndarrays
[2018-01-29 13:34:45,263, CaffeLMDBCreator]    Finished   103000 ndarrays
[2018-01-29 13:34:55,641, CaffeLMDBCreator]    Finished   104000 ndarrays
[2018-01-29 13:35:04,952, CaffeLMDBCreator]    Finished   105000 ndarrays
[2018-01-29 13:35:31,099, CaffeLMDBCreator]    Finished   106000 ndarrays
[2018-01-29 13:35:42,795, CaffeLMDBCreator]    Finished   107000 ndarrays
[2018-01-29 13:36:25,449, CaffeLMDBCreator]    Finished   108000 ndarrays
[2018-01-29 13:37:00,947, CaffeLMDBCreator]    Finished   109000 ndarrays
[2018-01-29 13:37:34,114, CaffeLMDBCreator]    Finished   110000 ndarrays
[2018-01-29 13:37:50,457, CaffeLMDBCreator]    Finished   111000 ndarrays
[2018-01-29 13:38:18,022, CaffeLMDBCreator]    Finished   112000 ndarrays
[2018-01-29 13:38:58,832, CaffeLMDBCreator]    Finished   113000 ndarrays
[2018-01-29 13:39:21,531, CaffeLMDBCreator]    Finished   114000 ndarrays
[2018-01-29 13:39:36,875, CaffeLMDBCreator]    Finished   115000 ndarrays
[2018-01-29 13:39:41,064, CaffeLMDBCreator]    Finished   116000 ndarrays
[2018-01-29 13:40:03,530, CaffeLMDBCreator]    Finished   117000 ndarrays
[2018-01-29 13:40:17,019, CaffeLMDBCreator]    Finished   118000 ndarrays
[2018-01-29 13:40:42,484, CaffeLMDBCreator]    Finished   119000 ndarrays
[2018-01-29 13:41:38,082, CaffeLMDBCreator]    Finished   120000 ndarrays
[2018-01-29 13:41:51,903, CaffeLMDBCreator]    Finished   121000 ndarrays
[2018-01-29 13:42:17,158, CaffeLMDBCreator]    Finished   122000 ndarrays
[2018-01-29 13:42:31,713, CaffeLMDBCreator]    Finished   123000 ndarrays
[2018-01-29 13:42:51,412, CaffeLMDBCreator]    Finished   124000 ndarrays
[2018-01-29 13:43:06,578, CaffeLMDBCreator]    Finished   125000 ndarrays
[2018-01-29 13:43:36,144, CaffeLMDBCreator]    Finished   126000 ndarrays
[2018-01-29 13:43:50,043, CaffeLMDBCreator]    Finished   127000 ndarrays
[2018-01-29 13:44:18,353, CaffeLMDBCreator]    Finished   128000 ndarrays
[2018-01-29 13:44:32,686, CaffeLMDBCreator]    Finished   129000 ndarrays
[2018-01-29 13:44:55,352, CaffeLMDBCreator]    Finished   130000 ndarrays
[2018-01-29 13:45:34,451, CaffeLMDBCreator]    Finished   131000 ndarrays
[2018-01-29 13:45:57,761, CaffeLMDBCreator]    Finished   132000 ndarrays
[2018-01-29 13:46:15,374, CaffeLMDBCreator]    Finished   133000 ndarrays
[2018-01-29 13:47:27,891, CaffeLMDBCreator]    Finished   134000 ndarrays
[2018-01-29 13:47:37,980, CaffeLMDBCreator]    Finished   135000 ndarrays
[2018-01-29 13:48:01,934, CaffeLMDBCreator]    Finished   136000 ndarrays
[2018-01-29 13:48:14,178, CaffeLMDBCreator]    Finished   137000 ndarrays
[2018-01-29 13:48:38,733, CaffeLMDBCreator]    Finished   138000 ndarrays
[2018-01-29 13:48:55,199, CaffeLMDBCreator]    Finished   139000 ndarrays
[2018-01-29 13:49:37,208, CaffeLMDBCreator]    Finished   140000 ndarrays
[2018-01-29 13:50:08,141, CaffeLMDBCreator]    Finished   141000 ndarrays
[2018-01-29 13:50:28,229, CaffeLMDBCreator]    Finished   142000 ndarrays
[2018-01-29 13:50:59,405, CaffeLMDBCreator]    Finished   143000 ndarrays
[2018-01-29 13:51:31,282, CaffeLMDBCreator]    Finished   144000 ndarrays
[2018-01-29 13:52:02,325, CaffeLMDBCreator]    Finished   145000 ndarrays
[2018-01-29 13:52:34,291, CaffeLMDBCreator]    Finished   146000 ndarrays
[2018-01-29 13:52:49,324, CaffeLMDBCreator]    Finished   147000 ndarrays
[2018-01-29 13:53:28,578, CaffeLMDBCreator]    Finished   148000 ndarrays
[2018-01-29 13:53:39,244, CaffeLMDBCreator]    Finished   149000 ndarrays
[2018-01-29 13:54:10,454, CaffeLMDBCreator]    Finished   150000 ndarrays
[2018-01-29 13:54:39,031, CaffeLMDBCreator]    Finished   151000 ndarrays
[2018-01-29 13:54:47,619, CaffeLMDBCreator]    Finished   152000 ndarrays
[2018-01-29 13:56:00,783, CaffeLMDBCreator]    Finished   153000 ndarrays
[2018-01-29 13:56:10,794, CaffeLMDBCreator]    Finished   154000 ndarrays
[2018-01-29 13:56:40,149, CaffeLMDBCreator]    Finished   155000 ndarrays
[2018-01-29 13:56:44,848, CaffeLMDBCreator]    Finished   156000 ndarrays
[2018-01-29 13:57:21,259, CaffeLMDBCreator]    Finished   157000 ndarrays
[2018-01-29 13:57:53,257, CaffeLMDBCreator]    Finished   158000 ndarrays
[2018-01-29 13:58:10,101, CaffeLMDBCreator]    Finished   159000 ndarrays
[2018-01-29 13:58:42,722, CaffeLMDBCreator]    Finished   160000 ndarrays
[2018-01-29 13:59:16,254, CaffeLMDBCreator]    Finished   161000 ndarrays
[2018-01-29 13:59:48,030, CaffeLMDBCreator]    Finished   162000 ndarrays
[2018-01-29 14:00:04,197, CaffeLMDBCreator]    Finished   163000 ndarrays
[2018-01-29 14:01:28,139, CaffeLMDBCreator]    Finished   164000 ndarrays
[2018-01-29 14:01:57,937, CaffeLMDBCreator]    Finished   165000 ndarrays
[2018-01-29 14:02:32,515, CaffeLMDBCreator]    Finished   166000 ndarrays
[2018-01-29 14:03:08,968, CaffeLMDBCreator]    Finished   167000 ndarrays
[2018-01-29 14:03:46,055, CaffeLMDBCreator]    Finished   168000 ndarrays
[2018-01-29 14:04:29,955, CaffeLMDBCreator]    Finished   169000 ndarrays
[2018-01-29 14:04:35,953, CaffeLMDBCreator]    Finished   170000 ndarrays
[2018-01-29 14:05:07,530, CaffeLMDBCreator]    Finished   171000 ndarrays
[2018-01-29 14:05:51,862, CaffeLMDBCreator]    Finished   172000 ndarrays
[2018-01-29 14:06:07,083, CaffeLMDBCreator]    Finished   173000 ndarrays
[2018-01-29 14:06:35,104, CaffeLMDBCreator]    Finished   174000 ndarrays
[2018-01-29 14:06:58,926, CaffeLMDBCreator]    Finished   175000 ndarrays
[2018-01-29 14:07:35,369, CaffeLMDBCreator]    Finished   176000 ndarrays
[2018-01-29 14:07:50,246, CaffeLMDBCreator]    Finished   177000 ndarrays
[2018-01-29 14:08:10,901, CaffeLMDBCreator]    Finished   178000 ndarrays
[2018-01-29 14:08:32,134, CaffeLMDBCreator]    Finished   179000 ndarrays
[2018-01-29 14:09:07,632, CaffeLMDBCreator]    Finished   180000 ndarrays
[2018-01-29 14:09:14,299, CaffeLMDBCreator]    Finished   181000 ndarrays
[2018-01-29 14:09:40,442, CaffeLMDBCreator]    Finished   182000 ndarrays
[2018-01-29 14:10:07,908, CaffeLMDBCreator]    Finished   183000 ndarrays
[2018-01-29 14:10:23,374, CaffeLMDBCreator]    Finished   184000 ndarrays
[2018-01-29 14:10:51,839, CaffeLMDBCreator]    Finished   185000 ndarrays
[2018-01-29 14:11:15,983, CaffeLMDBCreator]    Finished   186000 ndarrays
[2018-01-29 14:11:38,504, CaffeLMDBCreator]    Finished   187000 ndarrays
[2018-01-29 14:12:00,681, CaffeLMDBCreator]    Finished   188000 ndarrays
[2018-01-29 14:12:19,059, CaffeLMDBCreator]    Finished   189000 ndarrays
[2018-01-29 14:12:47,380, CaffeLMDBCreator]    Finished   190000 ndarrays
[2018-01-29 14:13:17,934, CaffeLMDBCreator]    Finished   191000 ndarrays
[2018-01-29 14:13:51,511, CaffeLMDBCreator]    Finished   192000 ndarrays
[2018-01-29 14:14:33,031, CaffeLMDBCreator]    Finished   193000 ndarrays
[2018-01-29 14:15:05,108, CaffeLMDBCreator]    Finished   194000 ndarrays
[2018-01-29 14:15:11,642, CaffeLMDBCreator]    Finished   195000 ndarrays
[2018-01-29 14:15:47,784, CaffeLMDBCreator]    Finished   196000 ndarrays
[2018-01-29 14:15:58,706, CaffeLMDBCreator]    Finished   197000 ndarrays
[2018-01-29 14:16:28,575, CaffeLMDBCreator]    Finished   198000 ndarrays
[2018-01-29 14:16:32,605, CaffeLMDBCreator]    Finished   199000 ndarrays
[2018-01-29 14:16:50,531, CaffeLMDBCreator]    Finished   200000 ndarrays
[2018-01-29 14:17:21,270, CaffeLMDBCreator]    Finished   201000 ndarrays
[2018-01-29 14:17:49,016, CaffeLMDBCreator]    Finished   202000 ndarrays
[2018-01-29 14:18:12,563, CaffeLMDBCreator]    Finished   203000 ndarrays
[2018-01-29 14:18:26,178, CaffeLMDBCreator]    Finished   204000 ndarrays
[2018-01-29 14:18:39,845, CaffeLMDBCreator]    Finished   205000 ndarrays
[2018-01-29 14:19:05,699, CaffeLMDBCreator]    Finished   206000 ndarrays
[2018-01-29 14:19:46,479, CaffeLMDBCreator]    Finished   207000 ndarrays
[2018-01-29 14:20:07,497, CaffeLMDBCreator]    Finished   208000 ndarrays
[2018-01-29 14:20:28,585, CaffeLMDBCreator]    Finished   209000 ndarrays
[2018-01-29 14:20:32,651, CaffeLMDBCreator]    Finished   210000 ndarrays
[2018-01-29 14:21:03,950, CaffeLMDBCreator]    Finished   211000 ndarrays
[2018-01-29 14:21:47,604, CaffeLMDBCreator]    Finished   212000 ndarrays
[2018-01-29 14:22:01,937, CaffeLMDBCreator]    Finished   213000 ndarrays
[2018-01-29 14:22:28,114, CaffeLMDBCreator]    Finished   214000 ndarrays
[2018-01-29 14:22:37,580, CaffeLMDBCreator]    Finished   215000 ndarrays
[2018-01-29 14:22:58,968, CaffeLMDBCreator]    Finished   216000 ndarrays
[2018-01-29 14:23:07,457, CaffeLMDBCreator]    Finished   217000 ndarrays
[2018-01-29 14:23:46,256, CaffeLMDBCreator]    Finished   218000 ndarrays
[2018-01-29 14:24:07,099, CaffeLMDBCreator]    Finished   219000 ndarrays
[2018-01-29 14:24:26,543, CaffeLMDBCreator]    Finished   220000 ndarrays
[2018-01-29 14:24:39,298, CaffeLMDBCreator]    Finished   221000 ndarrays
[2018-01-29 14:25:01,335, CaffeLMDBCreator]    Finished   222000 ndarrays
[2018-01-29 14:25:29,288, CaffeLMDBCreator]    Finished   223000 ndarrays
[2018-01-29 14:25:40,785, CaffeLMDBCreator]    Finished   224000 ndarrays
[2018-01-29 14:25:48,707, CaffeLMDBCreator]    Finished   225000 ndarrays
[2018-01-29 14:26:02,995, CaffeLMDBCreator]    Finished   226000 ndarrays
[2018-01-29 14:26:25,050, CaffeLMDBCreator]    Finished   227000 ndarrays
[2018-01-29 14:26:43,293, CaffeLMDBCreator]    Finished   228000 ndarrays
[2018-01-29 14:27:03,148, CaffeLMDBCreator]    Finished   229000 ndarrays
[2018-01-29 14:27:30,336, CaffeLMDBCreator]    Finished   230000 ndarrays
[2018-01-29 14:27:49,183, CaffeLMDBCreator]    Finished   231000 ndarrays
[2018-01-29 14:28:25,156, CaffeLMDBCreator]    Finished   232000 ndarrays
[2018-01-29 14:28:36,889, CaffeLMDBCreator]    Finished   233000 ndarrays
[2018-01-29 14:28:56,133, CaffeLMDBCreator]    Finished   234000 ndarrays
[2018-01-29 14:29:17,388, CaffeLMDBCreator]    Finished   235000 ndarrays
[2018-01-29 14:29:38,220, CaffeLMDBCreator]    Finished   236000 ndarrays
[2018-01-29 14:29:54,009, CaffeLMDBCreator]    Finished   237000 ndarrays
[2018-01-29 14:30:19,997, CaffeLMDBCreator]    Finished   238000 ndarrays
[2018-01-29 14:30:51,318, CaffeLMDBCreator]    Finished   239000 ndarrays
[2018-01-29 14:31:01,540, CaffeLMDBCreator]    Finished   240000 ndarrays
[2018-01-29 14:31:25,894, CaffeLMDBCreator]    Finished   241000 ndarrays
[2018-01-29 14:31:43,238, CaffeLMDBCreator]    Finished   242000 ndarrays
[2018-01-29 14:32:06,915, CaffeLMDBCreator]    Finished   243000 ndarrays
[2018-01-29 14:32:38,936, CaffeLMDBCreator]    Finished   244000 ndarrays
[2018-01-29 14:32:54,213, CaffeLMDBCreator]    Finished   245000 ndarrays
[2018-01-29 14:33:03,807, CaffeLMDBCreator]    Finished   246000 ndarrays
[2018-01-29 14:33:32,656, CaffeLMDBCreator]    Finished   247000 ndarrays
[2018-01-29 14:33:52,900, CaffeLMDBCreator]    Finished   248000 ndarrays
[2018-01-29 14:34:09,710, CaffeLMDBCreator]    Finished   249000 ndarrays
[2018-01-29 14:34:18,355, CaffeLMDBCreator]    Finished   250000 ndarrays
[2018-01-29 14:34:52,442, CaffeLMDBCreator]    Finished   251000 ndarrays
[2018-01-29 14:36:08,006, CaffeLMDBCreator]    Finished   252000 ndarrays
[2018-01-29 14:36:29,705, CaffeLMDBCreator]    Finished   253000 ndarrays
[2018-01-29 14:36:51,749, CaffeLMDBCreator]    Finished   254000 ndarrays
[2018-01-29 14:37:16,737, CaffeLMDBCreator]    Finished   255000 ndarrays
[2018-01-29 14:37:57,769, CaffeLMDBCreator]    Finished   256000 ndarrays
[2018-01-29 14:38:25,357, CaffeLMDBCreator]    Finished   257000 ndarrays
[2018-01-29 14:38:57,211, CaffeLMDBCreator]    Finished   258000 ndarrays
[2018-01-29 14:39:36,943, CaffeLMDBCreator]    Finished   259000 ndarrays
[2018-01-29 14:39:53,998, CaffeLMDBCreator]    Finished   260000 ndarrays
[2018-01-29 14:40:16,641, CaffeLMDBCreator]    Finished   261000 ndarrays
[2018-01-29 14:40:32,419, CaffeLMDBCreator]    Finished   262000 ndarrays
[2018-01-29 14:40:59,440, CaffeLMDBCreator]    Finished   263000 ndarrays
[2018-01-29 14:41:33,650, CaffeLMDBCreator]    Finished   264000 ndarrays
[2018-01-29 14:41:42,294, CaffeLMDBCreator]    Finished   265000 ndarrays
[2018-01-29 14:41:59,315, CaffeLMDBCreator]    Finished   266000 ndarrays
[2018-01-29 14:42:21,026, CaffeLMDBCreator]    Finished   267000 ndarrays
[2018-01-29 14:42:58,839, CaffeLMDBCreator]    Finished   268000 ndarrays
[2018-01-29 14:43:31,626, CaffeLMDBCreator]    Finished   269000 ndarrays
[2018-01-29 14:43:57,222, CaffeLMDBCreator]    Finished   270000 ndarrays
[2018-01-29 14:44:15,533, CaffeLMDBCreator]    Finished   271000 ndarrays
[2018-01-29 14:45:34,452, CaffeLMDBCreator]    Finished   272000 ndarrays
[2018-01-29 14:46:13,487, CaffeLMDBCreator]    Finished   273000 ndarrays
[2018-01-29 14:46:50,663, CaffeLMDBCreator]    Finished   274000 ndarrays
[2018-01-29 14:47:30,159, CaffeLMDBCreator]    Finished   275000 ndarrays
[2018-01-29 14:47:59,658, CaffeLMDBCreator]    Finished   276000 ndarrays
[2018-01-29 14:48:07,058, CaffeLMDBCreator]    Finished   277000 ndarrays
[2018-01-29 14:48:36,790, CaffeLMDBCreator]    Finished   278000 ndarrays
[2018-01-29 14:48:44,712, CaffeLMDBCreator]    Finished   279000 ndarrays
[2018-01-29 14:49:12,177, CaffeLMDBCreator]    Finished   280000 ndarrays
[2018-01-29 14:49:27,210, CaffeLMDBCreator]    Finished   281000 ndarrays
[2018-01-29 14:49:57,976, CaffeLMDBCreator]    Finished   282000 ndarrays
[2018-01-29 14:50:40,579, CaffeLMDBCreator]    Finished   283000 ndarrays
[2018-01-29 14:50:55,019, CaffeLMDBCreator]    Finished   284000 ndarrays
[2018-01-29 14:51:30,828, CaffeLMDBCreator]    Finished   285000 ndarrays
[2018-01-29 14:51:59,093, CaffeLMDBCreator]    Finished   286000 ndarrays
[2018-01-29 14:52:16,326, CaffeLMDBCreator]    Finished   287000 ndarrays
[2018-01-29 14:52:38,092, CaffeLMDBCreator]    Finished   288000 ndarrays
[2018-01-29 14:53:25,659, CaffeLMDBCreator]    Finished   289000 ndarrays
[2018-01-29 14:53:39,334, CaffeLMDBCreator]    Finished   290000 ndarrays
[2018-01-29 14:54:18,555, CaffeLMDBCreator]    Finished   291000 ndarrays
[2018-01-29 14:54:41,454, CaffeLMDBCreator]    Finished   292000 ndarrays
[2018-01-29 14:55:02,676, CaffeLMDBCreator]    Finished   293000 ndarrays
[2018-01-29 14:55:32,786, CaffeLMDBCreator]    Finished   294000 ndarrays
[2018-01-29 14:56:05,929, CaffeLMDBCreator]    Finished   295000 ndarrays
[2018-01-29 14:56:46,744, CaffeLMDBCreator]    Finished   296000 ndarrays
[2018-01-29 14:57:09,304, CaffeLMDBCreator]    Finished   297000 ndarrays
[2018-01-29 14:57:22,271, CaffeLMDBCreator]    Finished   298000 ndarrays
[2018-01-29 14:57:37,003, CaffeLMDBCreator]    Finished   299000 ndarrays
[2018-01-29 14:58:05,458, CaffeLMDBCreator]    Finished   300000 ndarrays
[2018-01-29 14:58:29,501, CaffeLMDBCreator]    Finished   301000 ndarrays
[2018-01-29 14:58:42,223, CaffeLMDBCreator]    Finished   302000 ndarrays
[2018-01-29 14:59:12,233, CaffeLMDBCreator]    Finished   303000 ndarrays
[2018-01-29 14:59:18,377, CaffeLMDBCreator]    Finished   304000 ndarrays
[2018-01-29 14:59:50,154, CaffeLMDBCreator]    Finished   305000 ndarrays
[2018-01-29 15:00:03,309, CaffeLMDBCreator]    Finished   306000 ndarrays
[2018-01-29 15:00:40,119, CaffeLMDBCreator]    Finished   307000 ndarrays
[2018-01-29 15:00:49,096, CaffeLMDBCreator]    Finished   308000 ndarrays
[2018-01-29 15:01:14,251, CaffeLMDBCreator]    Finished   309000 ndarrays
[2018-01-29 15:01:24,595, CaffeLMDBCreator]    Finished   310000 ndarrays
[2018-01-29 15:01:48,550, CaffeLMDBCreator]    Finished   311000 ndarrays
[2018-01-29 15:02:03,905, CaffeLMDBCreator]    Finished   312000 ndarrays
[2018-01-29 15:02:23,971, CaffeLMDBCreator]    Finished   313000 ndarrays
[2018-01-29 15:02:55,480, CaffeLMDBCreator]    Finished   314000 ndarrays
[2018-01-29 15:03:18,824, CaffeLMDBCreator]    Finished   315000 ndarrays
[2018-01-29 15:03:52,812, CaffeLMDBCreator]    Finished   316000 ndarrays
[2018-01-29 15:04:03,067, CaffeLMDBCreator]    Finished   317000 ndarrays
[2018-01-29 15:04:40,510, CaffeLMDBCreator]    Finished   318000 ndarrays
[2018-01-29 15:04:53,954, CaffeLMDBCreator]    Finished   319000 ndarrays
[2018-01-29 15:05:24,597, CaffeLMDBCreator]    Finished   320000 ndarrays
[2018-01-29 15:06:02,885, CaffeLMDBCreator]    Finished   321000 ndarrays
[2018-01-29 15:06:12,384, CaffeLMDBCreator]    Finished   322000 ndarrays
[2018-01-29 15:06:39,283, CaffeLMDBCreator]    Finished   323000 ndarrays
[2018-01-29 15:07:08,793, CaffeLMDBCreator]    Finished   324000 ndarrays
[2018-01-29 15:07:41,681, CaffeLMDBCreator]    Finished   325000 ndarrays
[2018-01-29 15:08:01,047, CaffeLMDBCreator]    Finished   326000 ndarrays
[2018-01-29 15:08:40,546, CaffeLMDBCreator]    Finished   327000 ndarrays
[2018-01-29 15:09:17,011, CaffeLMDBCreator]    Finished   328000 ndarrays
[2018-01-29 15:09:36,521, CaffeLMDBCreator]    Finished   329000 ndarrays
[2018-01-29 15:10:02,198, CaffeLMDBCreator]    Finished   330000 ndarrays
[2018-01-29 15:10:34,554, CaffeLMDBCreator]    Finished   331000 ndarrays
[2018-01-29 15:11:13,673, CaffeLMDBCreator]    Finished   332000 ndarrays
[2018-01-29 15:11:35,906, CaffeLMDBCreator]    Finished   333000 ndarrays
[2018-01-29 15:12:00,519, CaffeLMDBCreator]    Finished   334000 ndarrays
[2018-01-29 15:12:04,583, CaffeLMDBCreator]    Finished   335000 ndarrays
[2018-01-29 15:12:40,115, CaffeLMDBCreator]    Finished   336000 ndarrays
[2018-01-29 15:13:14,513, CaffeLMDBCreator]    Finished   337000 ndarrays
[2018-01-29 15:13:35,124, CaffeLMDBCreator]    Finished   338000 ndarrays
[2018-01-29 15:14:03,067, CaffeLMDBCreator]    Finished   339000 ndarrays
[2018-01-29 15:14:17,731, CaffeLMDBCreator]    Finished   340000 ndarrays
[2018-01-29 15:14:43,810, CaffeLMDBCreator]    Finished   341000 ndarrays
[2018-01-29 15:15:04,965, CaffeLMDBCreator]    Finished   342000 ndarrays
[2018-01-29 15:15:29,442, CaffeLMDBCreator]    Finished   343000 ndarrays
[2018-01-29 15:16:06,507, CaffeLMDBCreator]    Finished   344000 ndarrays
[2018-01-29 15:16:11,729, CaffeLMDBCreator]    Finished   345000 ndarrays
[2018-01-29 15:16:31,599, CaffeLMDBCreator]    Finished   346000 ndarrays
[2018-01-29 15:16:48,796, CaffeLMDBCreator]    Finished   347000 ndarrays
[2018-01-29 15:17:03,905, CaffeLMDBCreator]    Finished   348000 ndarrays
[2018-01-29 15:17:23,551, CaffeLMDBCreator]    Finished   349000 ndarrays
[2018-01-29 15:17:34,982, CaffeLMDBCreator]    Finished   350000 ndarrays
[2018-01-29 15:17:54,225, CaffeLMDBCreator]    Finished   351000 ndarrays
[2018-01-29 15:18:09,291, CaffeLMDBCreator]    Finished   352000 ndarrays
[2018-01-29 15:18:29,302, CaffeLMDBCreator]    Finished   353000 ndarrays
[2018-01-29 15:18:51,390, CaffeLMDBCreator]    Finished   354000 ndarrays
[2018-01-29 15:19:08,189, CaffeLMDBCreator]    Finished   355000 ndarrays
[2018-01-29 15:19:28,155, CaffeLMDBCreator]    Finished   356000 ndarrays
[2018-01-29 15:19:54,665, CaffeLMDBCreator]    Finished   357000 ndarrays
[2018-01-29 15:20:07,365, CaffeLMDBCreator]    Finished   358000 ndarrays
[2018-01-29 15:20:12,965, CaffeLMDBCreator]    Finished   359000 ndarrays
[2018-01-29 15:20:49,967, CaffeLMDBCreator]    Finished   360000 ndarrays
[2018-01-29 15:21:04,242, CaffeLMDBCreator]    Finished   361000 ndarrays
[2018-01-29 15:21:26,618, CaffeLMDBCreator]    Finished   362000 ndarrays
[2018-01-29 15:21:36,206, CaffeLMDBCreator]    Finished   363000 ndarrays
[2018-01-29 15:21:53,220, CaffeLMDBCreator]    Finished   364000 ndarrays
[2018-01-29 15:22:14,938, CaffeLMDBCreator]    Finished   365000 ndarrays
[2018-01-29 15:22:37,859, CaffeLMDBCreator]    Finished   366000 ndarrays
[2018-01-29 15:22:51,748, CaffeLMDBCreator]    Finished   367000 ndarrays
[2018-01-29 15:23:04,003, CaffeLMDBCreator]    Finished   368000 ndarrays
[2018-01-29 15:23:34,291, CaffeLMDBCreator]    Finished   369000 ndarrays
[2018-01-29 15:24:03,345, CaffeLMDBCreator]    Finished   370000 ndarrays
[2018-01-29 15:24:15,678, CaffeLMDBCreator]    Finished   371000 ndarrays
[2018-01-29 15:24:50,977, CaffeLMDBCreator]    Finished   372000 ndarrays
[2018-01-29 15:25:24,342, CaffeLMDBCreator]    Finished   373000 ndarrays
[2018-01-29 15:26:00,252, CaffeLMDBCreator]    Finished   374000 ndarrays
[2018-01-29 15:26:04,930, CaffeLMDBCreator]    Finished   375000 ndarrays
[2018-01-29 15:26:18,629, CaffeLMDBCreator]    Finished   376000 ndarrays
[2018-01-29 15:26:33,051, CaffeLMDBCreator]    Finished   377000 ndarrays
[2018-01-29 15:26:47,906, CaffeLMDBCreator]    Finished   378000 ndarrays
[2018-01-29 15:27:29,751, CaffeLMDBCreator]    Finished   379000 ndarrays
[2018-01-29 15:27:55,325, CaffeLMDBCreator]    Finished   380000 ndarrays
[2018-01-29 15:28:16,814, CaffeLMDBCreator]    Finished   381000 ndarrays
[2018-01-29 15:28:42,213, CaffeLMDBCreator]    Finished   382000 ndarrays
[2018-01-29 15:29:20,245, CaffeLMDBCreator]    Finished   383000 ndarrays
[2018-01-29 15:29:55,666, CaffeLMDBCreator]    Finished   384000 ndarrays
[2018-01-29 15:30:10,977, CaffeLMDBCreator]    Finished   385000 ndarrays
[2018-01-29 15:30:30,098, CaffeLMDBCreator]    Finished   386000 ndarrays
[2018-01-29 15:31:25,182, CaffeLMDBCreator]    Finished   387000 ndarrays
[2018-01-29 15:31:34,117, CaffeLMDBCreator]    Finished   388000 ndarrays
[2018-01-29 15:32:06,994, CaffeLMDBCreator]    Finished   389000 ndarrays
[2018-01-29 15:32:36,115, CaffeLMDBCreator]    Finished   390000 ndarrays
[2018-01-29 15:33:12,536, CaffeLMDBCreator]    Finished   391000 ndarrays
[2018-01-29 15:33:28,202, CaffeLMDBCreator]    Finished   392000 ndarrays
[2018-01-29 15:34:09,012, CaffeLMDBCreator]    Finished   393000 ndarrays
[2018-01-29 15:34:22,822, CaffeLMDBCreator]    Finished   394000 ndarrays
[2018-01-29 15:34:51,999, CaffeLMDBCreator]    Finished   395000 ndarrays
[2018-01-29 15:35:03,076, CaffeLMDBCreator]    Finished   396000 ndarrays
[2018-01-29 15:35:30,920, CaffeLMDBCreator]    Finished   397000 ndarrays
[2018-01-29 15:36:10,455, CaffeLMDBCreator]    Finished   398000 ndarrays
[2018-01-29 15:36:20,027, CaffeLMDBCreator]    Finished   399000 ndarrays
[2018-01-29 15:36:51,095, CaffeLMDBCreator]    Finished   400000 ndarrays
[2018-01-29 15:37:11,605, CaffeLMDBCreator]    Finished   401000 ndarrays
[2018-01-29 15:37:31,071, CaffeLMDBCreator]    Finished   402000 ndarrays
[2018-01-29 15:37:42,171, CaffeLMDBCreator]    Finished   403000 ndarrays
[2018-01-29 15:38:06,325, CaffeLMDBCreator]    Finished   404000 ndarrays
[2018-01-29 15:38:13,747, CaffeLMDBCreator]    Finished   405000 ndarrays
[2018-01-29 15:38:46,879, CaffeLMDBCreator]    Finished   406000 ndarrays
[2018-01-29 15:38:54,771, CaffeLMDBCreator]    Finished   407000 ndarrays
[2018-01-29 15:39:05,012, CaffeLMDBCreator]    Finished   408000 ndarrays
[2018-01-29 15:39:35,459, CaffeLMDBCreator]    Finished   409000 ndarrays
[2018-01-29 15:39:51,210, CaffeLMDBCreator]    Finished   410000 ndarrays
[2018-01-29 15:40:12,843, CaffeLMDBCreator]    Finished   411000 ndarrays
[2018-01-29 15:40:25,731, CaffeLMDBCreator]    Finished   412000 ndarrays
[2018-01-29 15:40:46,664, CaffeLMDBCreator]    Finished   413000 ndarrays
[2018-01-29 15:41:11,330, CaffeLMDBCreator]    Finished   414000 ndarrays
[2018-01-29 15:41:26,762, CaffeLMDBCreator]    Finished   415000 ndarrays
[2018-01-29 15:41:52,550, CaffeLMDBCreator]    Finished   416000 ndarrays
[2018-01-29 15:42:13,343, CaffeLMDBCreator]    Finished   417000 ndarrays
[2018-01-29 15:42:27,349, CaffeLMDBCreator]    Finished   418000 ndarrays
[2018-01-29 15:42:46,971, CaffeLMDBCreator]    Finished   419000 ndarrays
[2018-01-29 15:42:55,370, CaffeLMDBCreator]    Finished   420000 ndarrays
[2018-01-29 15:43:29,499, CaffeLMDBCreator]    Finished   421000 ndarrays
[2018-01-29 15:44:01,512, CaffeLMDBCreator]    Finished   422000 ndarrays
[2018-01-29 15:44:17,667, CaffeLMDBCreator]    Finished   423000 ndarrays
[2018-01-29 15:44:53,510, CaffeLMDBCreator]    Finished   424000 ndarrays
[2018-01-29 15:45:02,955, CaffeLMDBCreator]    Finished   425000 ndarrays
[2018-01-29 15:45:36,620, CaffeLMDBCreator]    Finished   426000 ndarrays
[2018-01-29 15:45:42,531, CaffeLMDBCreator]    Finished   427000 ndarrays
[2018-01-29 15:46:03,941, CaffeLMDBCreator]    Finished   428000 ndarrays
[2018-01-29 15:46:19,096, CaffeLMDBCreator]    Finished   429000 ndarrays
[2018-01-29 15:46:39,031, CaffeLMDBCreator]    Finished   430000 ndarrays
[2018-01-29 15:47:04,472, CaffeLMDBCreator]    Finished   431000 ndarrays
[2018-01-29 15:47:34,438, CaffeLMDBCreator]    Finished   432000 ndarrays
[2018-01-29 15:47:56,948, CaffeLMDBCreator]    Finished   433000 ndarrays
[2018-01-29 15:48:40,102, CaffeLMDBCreator]    Finished   434000 ndarrays
[2018-01-29 15:49:04,757, CaffeLMDBCreator]    Finished   435000 ndarrays
[2018-01-29 15:49:28,234, CaffeLMDBCreator]    Finished   436000 ndarrays
[2018-01-29 15:49:45,879, CaffeLMDBCreator]    Finished   437000 ndarrays
[2018-01-29 15:51:05,675, CaffeLMDBCreator]    Finished   438000 ndarrays
[2018-01-29 15:51:41,784, CaffeLMDBCreator]    Finished   439000 ndarrays
[2018-01-29 15:51:50,628, CaffeLMDBCreator]    Finished   440000 ndarrays
[2018-01-29 15:52:28,049, CaffeLMDBCreator]    Finished   441000 ndarrays
[2018-01-29 15:52:58,037, CaffeLMDBCreator]    Finished   442000 ndarrays
[2018-01-29 15:53:44,680, CaffeLMDBCreator]    Finished   443000 ndarrays
[2018-01-29 15:54:18,668, CaffeLMDBCreator]    Finished   444000 ndarrays
[2018-01-29 15:54:25,901, CaffeLMDBCreator]    Finished   445000 ndarrays
[2018-01-29 15:55:17,221, CaffeLMDBCreator]    Finished   446000 ndarrays
[2018-01-29 15:55:34,154, CaffeLMDBCreator]    Finished   447000 ndarrays
[2018-01-29 15:55:51,142, CaffeLMDBCreator]    Finished   448000 ndarrays
[2018-01-29 15:56:17,185, CaffeLMDBCreator]    Finished   449000 ndarrays
[2018-01-29 15:56:47,951, CaffeLMDBCreator]    Finished   450000 ndarrays
[2018-01-29 15:57:09,517, CaffeLMDBCreator]    Finished   451000 ndarrays
[2018-01-29 15:57:38,316, CaffeLMDBCreator]    Finished   452000 ndarrays
[2018-01-29 15:58:08,270, CaffeLMDBCreator]    Finished   453000 ndarrays
[2018-01-29 15:58:25,881, CaffeLMDBCreator]    Finished   454000 ndarrays
[2018-01-29 15:58:35,823, CaffeLMDBCreator]    Finished   455000 ndarrays
[2018-01-29 15:59:11,857, CaffeLMDBCreator]    Finished   456000 ndarrays
[2018-01-29 15:59:35,700, CaffeLMDBCreator]    Finished   457000 ndarrays
[2018-01-29 16:00:01,477, CaffeLMDBCreator]    Finished   458000 ndarrays
[2018-01-29 16:00:31,165, CaffeLMDBCreator]    Finished   459000 ndarrays
[2018-01-29 16:00:41,963, CaffeLMDBCreator]    Finished   460000 ndarrays
[2018-01-29 16:01:36,296, CaffeLMDBCreator]    Finished   461000 ndarrays
[2018-01-29 16:01:59,107, CaffeLMDBCreator]    Finished   462000 ndarrays
[2018-01-29 16:02:29,150, CaffeLMDBCreator]    Finished   463000 ndarrays
[2018-01-29 16:02:41,649, CaffeLMDBCreator]    Finished   464000 ndarrays
[2018-01-29 16:03:13,392, CaffeLMDBCreator]    Finished   465000 ndarrays
[2018-01-29 16:03:31,825, CaffeLMDBCreator]    Finished   466000 ndarrays
[2018-01-29 16:03:45,624, CaffeLMDBCreator]    Finished   467000 ndarrays
[2018-01-29 16:03:54,253, CaffeLMDBCreator]    Finished   468000 ndarrays
[2018-01-29 16:04:17,957, CaffeLMDBCreator]    Finished   469000 ndarrays
[2018-01-29 16:04:34,767, CaffeLMDBCreator]    Finished   470000 ndarrays
[2018-01-29 16:04:53,911, CaffeLMDBCreator]    Finished   471000 ndarrays
[2018-01-29 16:05:12,533, CaffeLMDBCreator]    Finished   472000 ndarrays
[2018-01-29 16:05:50,987, CaffeLMDBCreator]    Finished   473000 ndarrays
[2018-01-29 16:05:55,720, CaffeLMDBCreator]    Finished   474000 ndarrays
[2018-01-29 16:06:28,307, CaffeLMDBCreator]    Finished   475000 ndarrays
[2018-01-29 16:06:37,074, CaffeLMDBCreator]    Finished   476000 ndarrays
[2018-01-29 16:06:58,884, CaffeLMDBCreator]    Finished   477000 ndarrays
[2018-01-29 16:07:14,472, CaffeLMDBCreator]    Finished   478000 ndarrays
[2018-01-29 16:07:27,516, CaffeLMDBCreator]    Finished   479000 ndarrays
[2018-01-29 16:08:11,959, CaffeLMDBCreator]    Finished   480000 ndarrays
[2018-01-29 16:08:55,669, CaffeLMDBCreator]    Finished   481000 ndarrays
[2018-01-29 16:09:22,912, CaffeLMDBCreator]    Finished   482000 ndarrays
[2018-01-29 16:09:43,822, CaffeLMDBCreator]    Finished   483000 ndarrays
[2018-01-29 16:09:58,122, CaffeLMDBCreator]    Finished   484000 ndarrays
[2018-01-29 16:10:48,242, CaffeLMDBCreator]    Finished   485000 ndarrays
[2018-01-29 16:11:04,042, CaffeLMDBCreator]    Finished   486000 ndarrays
[2018-01-29 16:11:15,875, CaffeLMDBCreator]    Finished   487000 ndarrays
[2018-01-29 16:11:47,185, CaffeLMDBCreator]    Finished   488000 ndarrays
[2018-01-29 16:12:32,727, CaffeLMDBCreator]    Finished   489000 ndarrays
[2018-01-29 16:13:16,148, CaffeLMDBCreator]    Finished   490000 ndarrays
[2018-01-29 16:13:38,803, CaffeLMDBCreator]    Finished   491000 ndarrays
[2018-01-29 16:13:55,727, CaffeLMDBCreator]    Finished   492000 ndarrays
[2018-01-29 16:14:02,891, CaffeLMDBCreator]    Finished   493000 ndarrays
[2018-01-29 16:14:34,635, CaffeLMDBCreator]    Finished   494000 ndarrays
[2018-01-29 16:14:39,889, CaffeLMDBCreator]    Finished   495000 ndarrays
[2018-01-29 16:15:17,477, CaffeLMDBCreator]    Finished   496000 ndarrays
[2018-01-29 16:15:41,443, CaffeLMDBCreator]    Finished   497000 ndarrays
[2018-01-29 16:16:00,064, CaffeLMDBCreator]    Finished   498000 ndarrays
[2018-01-29 16:16:38,929, CaffeLMDBCreator]    Finished   499000 ndarrays
[2018-01-29 16:17:18,695, CaffeLMDBCreator]    Finished   500000 ndarrays
[2018-01-29 16:17:37,550, CaffeLMDBCreator]    Finished   501000 ndarrays
[2018-01-29 16:18:09,626, CaffeLMDBCreator]    Finished   502000 ndarrays
[2018-01-29 16:18:25,003, CaffeLMDBCreator]    Finished   503000 ndarrays
[2018-01-29 16:18:57,369, CaffeLMDBCreator]    Finished   504000 ndarrays
[2018-01-29 16:19:11,691, CaffeLMDBCreator]    Finished   505000 ndarrays
[2018-01-29 16:19:14,322, CaffeLMDBCreator] Finished after writing 505197 ndarrays
[2018-01-29 16:19:14,466, PHOCNetTrainer] Finished processing train words (took 3h37m20s, 1579 rescales)
[2018-01-29 16:19:14,466, PHOCNetTrainer] Creating Test LMDB (13752 total word images)
[2018-01-29 16:19:14,466, CaffeLMDBCreator] Opening LMDBs at /data/fwolf/ordered_iam_50000/iam-db_nti500000_pul2-3-4-5_test_word_images_lmdb and /data/fwolf/ordered_iam_50000/iam-db_nti500000_pul2-3-4-5_test_phocs_lmdb for writing
[2018-01-29 16:25:08,337, CaffeLMDBCreator]    Finished     1000 ndarrays
[2018-01-29 16:30:32,295, CaffeLMDBCreator]    Finished     2000 ndarrays
[2018-01-29 16:36:03,802, CaffeLMDBCreator]    Finished     3000 ndarrays
[2018-01-29 16:42:42,765, CaffeLMDBCreator]    Finished     4000 ndarrays
[2018-01-29 16:48:41,396, CaffeLMDBCreator]    Finished     5000 ndarrays
[2018-01-29 16:54:37,859, CaffeLMDBCreator]    Finished     6000 ndarrays
[2018-01-29 17:00:26,415, CaffeLMDBCreator]    Finished     7000 ndarrays
[2018-01-29 17:05:35,792, CaffeLMDBCreator]    Finished     8000 ndarrays
[2018-01-29 17:11:41,557, CaffeLMDBCreator]    Finished     9000 ndarrays
[2018-01-29 17:16:52,501, CaffeLMDBCreator]    Finished    10000 ndarrays
[2018-01-29 17:22:20,091, CaffeLMDBCreator]    Finished    11000 ndarrays
[2018-01-29 17:27:26,211, CaffeLMDBCreator]    Finished    12000 ndarrays
[2018-01-29 17:30:15,527, CaffeLMDBCreator]    Finished    13000 ndarrays
[2018-01-29 17:33:26,431, CaffeLMDBCreator] Finished after writing 13752 ndarrays
[2018-01-29 17:33:26,516, PHOCNetTrainer] Finished processing test words (took 1h14m12s, 2635 rescales)
[2018-01-29 17:33:26,521, PHOCNetTrainer] Saving proto files...
Traceback (most recent call last):
  File "tools/train_phocnet.py", line 138, in <module>
    PHOCNetTrainer(**params).train_phocnet()
  File "/home/fwolf/Workspace/DensePHOCNet/src/phocnet/training/phocnet_trainer.py", line 294, in train_phocnet
    train_proto = mpg.get_triplet_net(single_string = self.triplet_string_file, word_image_lmdb_path = train_word_images_lmdb_path)
  File "/home/fwolf/Workspace/DensePHOCNet/src/phocnet/caffe/model_proto_generator.py", line 492, in get_triplet_net
    with open(single_string) as f:
TypeError: coercing to Unicode: need string or buffer, NoneType found
